Copyright 1986-2018 Xilinx, Inc. All Rights Reserved.
----------------------------------------------------------------------------------------
| Tool Version : Vivado v.2018.3 (win64) Build 2405991 Thu Dec  6 23:38:27 MST 2018
| Date         : Sun Apr 17 11:40:14 2022
| Host         : DESKTOP-A9E5TQ0 running 64-bit major release  (build 9200)
| Command      : report_clock_utilization -file top_kfenps_clock_utilization_routed.rpt
| Design       : top_kfenps
| Device       : 7vx485t-ffg1761
| Speed File   : -2  PRODUCTION 1.12 2014-09-11
----------------------------------------------------------------------------------------

Clock Utilization Report

Table of Contents
-----------------
1. Clock Primitive Utilization
2. Global Clock Resources
3. Global Clock Source Details
4. Clock Regions: Key Resource Utilization
5. Clock Regions : Global Clock Summary
6. Device Cell Placement Summary for Global Clock g0
7. Device Cell Placement Summary for Global Clock g1
8. Device Cell Placement Summary for Global Clock g2
9. Clock Region Cell Placement per Global Clock: Region X0Y0
10. Clock Region Cell Placement per Global Clock: Region X0Y1
11. Clock Region Cell Placement per Global Clock: Region X0Y2
12. Clock Region Cell Placement per Global Clock: Region X1Y5

1. Clock Primitive Utilization
------------------------------

+----------+------+-----------+-----+--------------+--------+
| Type     | Used | Available | LOC | Clock Region | Pblock |
+----------+------+-----------+-----+--------------+--------+
| BUFGCTRL |    3 |        32 |   0 |            0 |      0 |
| BUFH     |    0 |       168 |   0 |            0 |      0 |
| BUFIO    |    0 |        56 |   0 |            0 |      0 |
| BUFMR    |    0 |        28 |   0 |            0 |      0 |
| BUFR     |    0 |        56 |   0 |            0 |      0 |
| MMCM     |    0 |        14 |   0 |            0 |      0 |
| PLL      |    1 |        14 |   0 |            0 |      0 |
+----------+------+-----------+-----+--------------+--------+


2. Global Clock Resources
-------------------------

+-----------+-----------+-----------------+------------+----------------+--------------+-------------------+-------------+-----------------+--------------+--------------------+--------------------------------+-----------------------------------------+
| Global Id | Source Id | Driver Type/Pin | Constraint | Site           | Clock Region | Load Clock Region | Clock Loads | Non-Clock Loads | Clock Period | Clock              | Driver Pin                     | Net                                     |
+-----------+-----------+-----------------+------------+----------------+--------------+-------------------+-------------+-----------------+--------------+--------------------+--------------------------------+-----------------------------------------+
| g0        | src0      | BUFG/O          | None       | BUFGCTRL_X0Y16 | n/a          |                 3 |       11209 |               0 |       10.000 | clk_out2_clk_wiz_0 | clk_wiz_0_i/inst/clkout2_buf/O | clk_wiz_0_i/inst/clk_out2               |
| g1        | src0      | BUFG/O          | None       | BUFGCTRL_X0Y17 | n/a          |                 1 |         142 |               0 |        5.000 | clk_out1_clk_wiz_0 | clk_wiz_0_i/inst/clkout1_buf/O | clk_wiz_0_i/inst/clk_out1               |
| g2        | src0      | BUFG/O          | None       | BUFGCTRL_X0Y18 | n/a          |                 1 |           1 |               0 |        5.000 | clkfbout_clk_wiz_0 | clk_wiz_0_i/inst/clkf_buf/O    | clk_wiz_0_i/inst/clkfbout_buf_clk_wiz_0 |
+-----------+-----------+-----------------+------------+----------------+--------------+-------------------+-------------+-----------------+--------------+--------------------+--------------------------------+-----------------------------------------+
* Clock Loads column represents the clock pin loads (pin count)
** Non-Clock Loads column represents the non-clock pin loads (pin count)


3. Global Clock Source Details
------------------------------

+-----------+-----------+--------------------+------------+----------------+--------------+-------------+-----------------+---------------------+--------------------+------------------------------------------+-------------------------------------+
| Source Id | Global Id | Driver Type/Pin    | Constraint | Site           | Clock Region | Clock Loads | Non-Clock Loads | Source Clock Period | Source Clock       | Driver Pin                               | Net                                 |
+-----------+-----------+--------------------+------------+----------------+--------------+-------------+-----------------+---------------------+--------------------+------------------------------------------+-------------------------------------+
| src0      | g1        | PLLE2_ADV/CLKOUT0  | None       | PLLE2_ADV_X1Y5 | X1Y5         |           1 |               0 |               5.000 | clk_out1_clk_wiz_0 | clk_wiz_0_i/inst/plle2_adv_inst/CLKOUT0  | clk_wiz_0_i/inst/clk_out1_clk_wiz_0 |
| src0      | g0        | PLLE2_ADV/CLKOUT1  | None       | PLLE2_ADV_X1Y5 | X1Y5         |           1 |               0 |              10.000 | clk_out2_clk_wiz_0 | clk_wiz_0_i/inst/plle2_adv_inst/CLKOUT1  | clk_wiz_0_i/inst/clk_out2_clk_wiz_0 |
| src0      | g2        | PLLE2_ADV/CLKFBOUT | None       | PLLE2_ADV_X1Y5 | X1Y5         |           1 |               0 |               5.000 | clkfbout_clk_wiz_0 | clk_wiz_0_i/inst/plle2_adv_inst/CLKFBOUT | clk_wiz_0_i/inst/clkfbout_clk_wiz_0 |
+-----------+-----------+--------------------+------------+----------------+--------------+-------------+-----------------+---------------------+--------------------+------------------------------------------+-------------------------------------+
* Clock Loads column represents the clock pin loads (pin count)
** Non-Clock Loads column represents the non-clock pin loads (pin count)


4. Clock Regions: Key Resource Utilization
------------------------------------------

+-------------------+--------------+--------------+--------------+--------------+--------------+--------------+--------------+--------------+--------------+--------------+--------------+--------------+--------------+--------------+--------------+
|                   | Global Clock |     BUFRs    |    BUFMRs    |    BUFIOs    |     MMCM     |      PLL     |      GT      |      PCI     |    ILOGIC    |    OLOGIC    |      FF      |     LUTM     |    RAMB18    |    RAMB36    |    DSP48E2   |
+-------------------+------+-------+------+-------+------+-------+------+-------+------+-------+------+-------+------+-------+------+-------+------+-------+------+-------+------+-------+------+-------+------+-------+------+-------+------+-------+
| Clock Region Name | Used | Avail | Used | Avail | Used | Avail | Used | Avail | Used | Avail | Used | Avail | Used | Avail | Used | Avail | Used | Avail | Used | Avail | Used | Avail | Used | Avail | Used | Avail | Used | Avail | Used | Avail |
+-------------------+------+-------+------+-------+------+-------+------+-------+------+-------+------+-------+------+-------+------+-------+------+-------+------+-------+------+-------+------+-------+------+-------+------+-------+------+-------+
| X0Y0              |    1 |    12 |    0 |     4 |    0 |     2 |    0 |     4 |    0 |     1 |    0 |     1 |    0 |     4 |    0 |     0 |    0 |    50 |    0 |    50 | 1045 |  5500 |  519 |  2200 |    0 |   140 |    0 |    70 |    1 |   180 |
| X1Y0              |    0 |    12 |    0 |     4 |    0 |     2 |    0 |     4 |    0 |     1 |    0 |     1 |    0 |     4 |    0 |     0 |    0 |    50 |    0 |    50 |    0 |  5600 |    0 |  2500 |    0 |   160 |    0 |    80 |    0 |   220 |
| X0Y1              |    2 |    12 |    0 |     4 |    0 |     2 |    0 |     4 |    0 |     1 |    0 |     1 |    0 |     4 |    0 |     0 |    0 |    50 |    0 |    50 | 8421 |  4900 | 4015 |  2200 |    0 |   140 |    0 |    70 |    5 |   180 |
| X1Y1              |    0 |    12 |    0 |     4 |    0 |     2 |    0 |     4 |    0 |     1 |    0 |     1 |    0 |     4 |    0 |     0 |    0 |    50 |    0 |    50 |    0 |  5600 |    0 |  2500 |    0 |   160 |    0 |    80 |    0 |   220 |
| X0Y2              |    1 |    12 |    0 |     4 |    0 |     2 |    0 |     4 |    0 |     1 |    0 |     1 |    0 |     4 |    0 |     1 |    0 |    50 |    0 |    50 | 1843 |  4750 |  899 |  2150 |    0 |   130 |    0 |    65 |    0 |   180 |
| X1Y2              |    0 |    12 |    0 |     4 |    0 |     2 |    0 |     4 |    0 |     1 |    0 |     1 |    0 |     4 |    0 |     1 |    0 |    50 |    0 |    50 |    0 |  5450 |    0 |  2450 |    0 |   150 |    0 |    75 |    0 |   220 |
| X0Y3              |    0 |    12 |    0 |     4 |    0 |     2 |    0 |     4 |    0 |     1 |    0 |     1 |    0 |     4 |    0 |     0 |    0 |    50 |    0 |    50 |    0 |  5500 |    0 |  2200 |    0 |   140 |    0 |    70 |    0 |   180 |
| X1Y3              |    0 |    12 |    0 |     4 |    0 |     2 |    0 |     4 |    0 |     1 |    0 |     1 |    0 |     4 |    0 |     0 |    0 |    50 |    0 |    50 |    0 |  5600 |    0 |  2500 |    0 |   160 |    0 |    80 |    0 |   220 |
| X0Y4              |    0 |    12 |    0 |     4 |    0 |     2 |    0 |     4 |    0 |     1 |    0 |     1 |    0 |     4 |    0 |     0 |    0 |    50 |    0 |    50 |    0 |  5500 |    0 |  2200 |    0 |   140 |    0 |    70 |    0 |   180 |
| X1Y4              |    0 |    12 |    0 |     4 |    0 |     2 |    0 |     4 |    0 |     1 |    0 |     1 |    0 |     4 |    0 |     0 |    0 |    50 |    0 |    50 |    0 |  5600 |    0 |  2500 |    0 |   160 |    0 |    80 |    0 |   220 |
| X0Y5              |    0 |    12 |    0 |     4 |    0 |     2 |    0 |     4 |    0 |     1 |    0 |     1 |    0 |     4 |    0 |     1 |    0 |    50 |    0 |    50 |    0 |  5350 |    0 |  2150 |    0 |   130 |    0 |    65 |    0 |   180 |
| X1Y5              |    1 |    12 |    0 |     4 |    0 |     2 |    0 |     4 |    0 |     1 |    1 |     1 |    0 |     4 |    0 |     1 |    0 |    50 |    0 |    50 |    0 |  5450 |    0 |  2450 |    0 |   150 |    0 |    75 |    0 |   220 |
| X0Y6              |    0 |    12 |    0 |     4 |    0 |     2 |    0 |     4 |    0 |     1 |    0 |     1 |    0 |     4 |    0 |     0 |    0 |    50 |    0 |    50 |    0 |  5500 |    0 |  2200 |    0 |   140 |    0 |    70 |    0 |   180 |
| X1Y6              |    0 |    12 |    0 |     4 |    0 |     2 |    0 |     4 |    0 |     1 |    0 |     1 |    0 |     4 |    0 |     0 |    0 |    50 |    0 |    50 |    0 |  5600 |    0 |  2500 |    0 |   160 |    0 |    80 |    0 |   220 |
+-------------------+------+-------+------+-------+------+-------+------+-------+------+-------+------+-------+------+-------+------+-------+------+-------+------+-------+------+-------+------+-------+------+-------+------+-------+------+-------+
* Global Clock column represents track count; while other columns represents cell counts


5. Clock Regions : Global Clock Summary
---------------------------------------

All Modules
+----+----+----+
|    | X0 | X1 |
+----+----+----+
| Y6 |  0 |  0 |
| Y5 |  0 |  1 |
| Y4 |  0 |  0 |
| Y3 |  0 |  0 |
| Y2 |  1 |  0 |
| Y1 |  2 |  0 |
| Y0 |  1 |  0 |
+----+----+----+


6. Device Cell Placement Summary for Global Clock g0
----------------------------------------------------

+-----------+-----------------+-------------------+--------------------+-------------+---------------+-------------+----------+----------------+----------+---------------------------+
| Global Id | Driver Type/Pin | Driver Region (D) | Clock              | Period (ns) | Waveform (ns) | Slice Loads | IO Loads | Clocking Loads | GT Loads | Net                       |
+-----------+-----------------+-------------------+--------------------+-------------+---------------+-------------+----------+----------------+----------+---------------------------+
| g0        | BUFG/O          | n/a               | clk_out2_clk_wiz_0 |      10.000 | {0.000 5.000} |       11209 |        0 |              0 |        0 | clk_wiz_0_i/inst/clk_out2 |
+-----------+-----------------+-------------------+--------------------+-------------+---------------+-------------+----------+----------------+----------+---------------------------+
* Logic Loads column represents load cell count of all cell types other than IO, GT and clock resources
** IO Loads column represents load cell count of IO types
*** Clocking Loads column represents load cell count that are clock resources (global clock buffer, MMCM, PLL, etc)
**** GT Loads column represents load cell count of GT types


+----+-------+----+
|    | X0    | X1 |
+----+-------+----+
| Y6 |     0 |  0 |
| Y5 |     0 |  0 |
| Y4 |     0 |  0 |
| Y3 |     0 |  0 |
| Y2 |  1845 |  0 |
| Y1 |  8317 |  0 |
| Y0 |  1047 |  0 |
+----+-------+----+


7. Device Cell Placement Summary for Global Clock g1
----------------------------------------------------

+-----------+-----------------+-------------------+--------------------+-------------+---------------+-------------+----------+----------------+----------+---------------------------+
| Global Id | Driver Type/Pin | Driver Region (D) | Clock              | Period (ns) | Waveform (ns) | Slice Loads | IO Loads | Clocking Loads | GT Loads | Net                       |
+-----------+-----------------+-------------------+--------------------+-------------+---------------+-------------+----------+----------------+----------+---------------------------+
| g1        | BUFG/O          | n/a               | clk_out1_clk_wiz_0 |       5.000 | {0.000 2.500} |         142 |        0 |              0 |        0 | clk_wiz_0_i/inst/clk_out1 |
+-----------+-----------------+-------------------+--------------------+-------------+---------------+-------------+----------+----------------+----------+---------------------------+
* Logic Loads column represents load cell count of all cell types other than IO, GT and clock resources
** IO Loads column represents load cell count of IO types
*** Clocking Loads column represents load cell count that are clock resources (global clock buffer, MMCM, PLL, etc)
**** GT Loads column represents load cell count of GT types


+----+------+----+
|    | X0   | X1 |
+----+------+----+
| Y6 |    0 |  0 |
| Y5 |    0 |  0 |
| Y4 |    0 |  0 |
| Y3 |    0 |  0 |
| Y2 |    0 |  0 |
| Y1 |  142 |  0 |
| Y0 |    0 |  0 |
+----+------+----+


8. Device Cell Placement Summary for Global Clock g2
----------------------------------------------------

+-----------+-----------------+-------------------+--------------------+-------------+---------------+-------------+----------+----------------+----------+-----------------------------------------+
| Global Id | Driver Type/Pin | Driver Region (D) | Clock              | Period (ns) | Waveform (ns) | Slice Loads | IO Loads | Clocking Loads | GT Loads | Net                                     |
+-----------+-----------------+-------------------+--------------------+-------------+---------------+-------------+----------+----------------+----------+-----------------------------------------+
| g2        | BUFG/O          | n/a               | clkfbout_clk_wiz_0 |       5.000 | {0.000 2.500} |           0 |        0 |              1 |        0 | clk_wiz_0_i/inst/clkfbout_buf_clk_wiz_0 |
+-----------+-----------------+-------------------+--------------------+-------------+---------------+-------------+----------+----------------+----------+-----------------------------------------+
* Logic Loads column represents load cell count of all cell types other than IO, GT and clock resources
** IO Loads column represents load cell count of IO types
*** Clocking Loads column represents load cell count that are clock resources (global clock buffer, MMCM, PLL, etc)
**** GT Loads column represents load cell count of GT types


+----+----+----+
|    | X0 | X1 |
+----+----+----+
| Y6 |  0 |  0 |
| Y5 |  0 |  1 |
| Y4 |  0 |  0 |
| Y3 |  0 |  0 |
| Y2 |  0 |  0 |
| Y1 |  0 |  0 |
| Y0 |  0 |  0 |
+----+----+----+


9. Clock Region Cell Placement per Global Clock: Region X0Y0
------------------------------------------------------------

+-----------+-------+-----------------+------------+-------------+-----------------+------+--------+------+-----+----+------+-----+---------+---------------------------+
| Global Id | Track | Driver Type/Pin | Constraint | Clock Loads | Non-Clock Loads | FF   | LUTRAM | RAMB | DSP | GT | MMCM | PLL | Hard IP | Net                       |
+-----------+-------+-----------------+------------+-------------+-----------------+------+--------+------+-----+----+------+-----+---------+---------------------------+
| g0        | n/a   | BUFG/O          | None       |        1047 |               0 | 1045 |      1 |    0 |   1 |  0 |    0 |   0 |       0 | clk_wiz_0_i/inst/clk_out2 |
+-----------+-------+-----------------+------------+-------------+-----------------+------+--------+------+-----+----+------+-----+---------+---------------------------+
* Clock Loads column represents the clock pin loads (pin count)
** Non-Clock Loads column represents the non-clock pin loads (pin count)
*** Columns FF, LUTRAM, RAMB through 'Hard IP' represents load cell counts


10. Clock Region Cell Placement per Global Clock: Region X0Y1
-------------------------------------------------------------

+-----------+-------+-----------------+------------+-------------+-----------------+------+--------+------+-----+----+------+-----+---------+---------------------------+
| Global Id | Track | Driver Type/Pin | Constraint | Clock Loads | Non-Clock Loads | FF   | LUTRAM | RAMB | DSP | GT | MMCM | PLL | Hard IP | Net                       |
+-----------+-------+-----------------+------------+-------------+-----------------+------+--------+------+-----+----+------+-----+---------+---------------------------+
| g0        | n/a   | BUFG/O          | None       |        8317 |               0 | 8279 |     33 |    0 |   5 |  0 |    0 |   0 |       0 | clk_wiz_0_i/inst/clk_out2 |
| g1        | n/a   | BUFG/O          | None       |         142 |               0 |  142 |      0 |    0 |   0 |  0 |    0 |   0 |       0 | clk_wiz_0_i/inst/clk_out1 |
+-----------+-------+-----------------+------------+-------------+-----------------+------+--------+------+-----+----+------+-----+---------+---------------------------+
* Clock Loads column represents the clock pin loads (pin count)
** Non-Clock Loads column represents the non-clock pin loads (pin count)
*** Columns FF, LUTRAM, RAMB through 'Hard IP' represents load cell counts


11. Clock Region Cell Placement per Global Clock: Region X0Y2
-------------------------------------------------------------

+-----------+-------+-----------------+------------+-------------+-----------------+------+--------+------+-----+----+------+-----+---------+---------------------------+
| Global Id | Track | Driver Type/Pin | Constraint | Clock Loads | Non-Clock Loads | FF   | LUTRAM | RAMB | DSP | GT | MMCM | PLL | Hard IP | Net                       |
+-----------+-------+-----------------+------------+-------------+-----------------+------+--------+------+-----+----+------+-----+---------+---------------------------+
| g0        | n/a   | BUFG/O          | None       |        1845 |               0 | 1843 |      2 |    0 |   0 |  0 |    0 |   0 |       0 | clk_wiz_0_i/inst/clk_out2 |
+-----------+-------+-----------------+------------+-------------+-----------------+------+--------+------+-----+----+------+-----+---------+---------------------------+
* Clock Loads column represents the clock pin loads (pin count)
** Non-Clock Loads column represents the non-clock pin loads (pin count)
*** Columns FF, LUTRAM, RAMB through 'Hard IP' represents load cell counts


12. Clock Region Cell Placement per Global Clock: Region X1Y5
-------------------------------------------------------------

+-----------+-------+-----------------+------------+-------------+-----------------+----+--------+------+-----+----+------+-----+---------+-----------------------------------------+
| Global Id | Track | Driver Type/Pin | Constraint | Clock Loads | Non-Clock Loads | FF | LUTRAM | RAMB | DSP | GT | MMCM | PLL | Hard IP | Net                                     |
+-----------+-------+-----------------+------------+-------------+-----------------+----+--------+------+-----+----+------+-----+---------+-----------------------------------------+
| g2        | n/a   | BUFG/O          | None       |           1 |               0 |  0 |      0 |    0 |   0 |  0 |    0 |   1 |       0 | clk_wiz_0_i/inst/clkfbout_buf_clk_wiz_0 |
+-----------+-------+-----------------+------------+-------------+-----------------+----+--------+------+-----+----+------+-----+---------+-----------------------------------------+
* Clock Loads column represents the clock pin loads (pin count)
** Non-Clock Loads column represents the non-clock pin loads (pin count)
*** Columns FF, LUTRAM, RAMB through 'Hard IP' represents load cell counts



# Location of BUFG Primitives 
set_property LOC BUFGCTRL_X0Y18 [get_cells clk_wiz_0_i/inst/clkf_buf]
set_property LOC BUFGCTRL_X0Y16 [get_cells clk_wiz_0_i/inst/clkout2_buf]
set_property LOC BUFGCTRL_X0Y17 [get_cells clk_wiz_0_i/inst/clkout1_buf]

# Location of IO Primitives which is load of clock spine

# Location of clock ports
set_property LOC IOB_X1Y275 [get_ports sys_clk_n]
set_property LOC IOB_X1Y276 [get_ports sys_clk_p]

# Clock net "clk_wiz_0_i/inst/clk_out2" driven by instance "clk_wiz_0_i/inst/clkout2_buf" located at site "BUFGCTRL_X0Y16"
#startgroup
create_pblock {CLKAG_clk_wiz_0_i/inst/clk_out2}
add_cells_to_pblock [get_pblocks  {CLKAG_clk_wiz_0_i/inst/clk_out2}] [get_cells -filter { PRIMITIVE_GROUP != I/O && IS_PRIMITIVE==1 && PRIMITIVE_LEVEL !=INTERNAL } -of_object [get_pins -filter {DIRECTION==IN} -of_objects [get_nets -hierarchical -filter {PARENT=="clk_wiz_0_i/inst/clk_out2"}]]]
resize_pblock [get_pblocks {CLKAG_clk_wiz_0_i/inst/clk_out2}] -add {CLOCKREGION_X0Y0:CLOCKREGION_X0Y0 CLOCKREGION_X0Y1:CLOCKREGION_X0Y1 CLOCKREGION_X0Y2:CLOCKREGION_X0Y2}
#endgroup

# Clock net "clk_wiz_0_i/inst/clk_out1" driven by instance "clk_wiz_0_i/inst/clkout1_buf" located at site "BUFGCTRL_X0Y17"
#startgroup
create_pblock {CLKAG_clk_wiz_0_i/inst/clk_out1}
add_cells_to_pblock [get_pblocks  {CLKAG_clk_wiz_0_i/inst/clk_out1}] [get_cells -filter { PRIMITIVE_GROUP != I/O && IS_PRIMITIVE==1 && PRIMITIVE_LEVEL !=INTERNAL } -of_object [get_pins -filter {DIRECTION==IN} -of_objects [get_nets -hierarchical -filter {PARENT=="clk_wiz_0_i/inst/clk_out1"}]]]
resize_pblock [get_pblocks {CLKAG_clk_wiz_0_i/inst/clk_out1}] -add {CLOCKREGION_X0Y1:CLOCKREGION_X0Y1}
#endgroup
