INFO: [VRFC 10-2263] Analyzing Verilog file "G:/VC707/top_kfenps/top_kfenps/top_kfenps.sim/sim_1/synth/func/xsim/kfenps_tb_func_synth.v" into library xil_defaultlib
INFO: [VRFC 10-311] analyzing module clk_wiz_0
INFO: [VRFC 10-311] analyzing module clk_wiz_0_clk_wiz_0_clk_wiz
INFO: [VRFC 10-311] analyzing module flash_led
INFO: [VRFC 10-311] analyzing module key_launch
INFO: [VRFC 10-311] analyzing module kfenps
INFO: [VRFC 10-311] analyzing module kfenps_div
INFO: [VRFC 10-311] analyzing module rx_process
INFO: [VRFC 10-311] analyzing module top_kfenps
INFO: [VRFC 10-311] analyzing module tx_process
INFO: [VRFC 10-311] analyzing module uart_rx
INFO: [VRFC 10-311] analyzing module uart_tx
INFO: [VRFC 10-311] analyzing module kfenps_div_div_gen_v5_1_14
INFO: [VRFC 10-311] analyzing module kfenps_div_addsubreg_v
INFO: [VRFC 10-311] analyzing module kfenps_div_addsubreg_v_10
INFO: [VRFC 10-311] analyzing module kfenps_div_addsubreg_v_12
INFO: [VRFC 10-311] analyzing module kfenps_div_addsubreg_v_15
INFO: [VRFC 10-311] analyzing module kfenps_div_addsubreg_v_17
INFO: [VRFC 10-311] analyzing module kfenps_div_addsubreg_v_19
INFO: [VRFC 10-311] analyzing module kfenps_div_addsubreg_v_2
INFO: [VRFC 10-311] analyzing module kfenps_div_addsubreg_v_21
INFO: [VRFC 10-311] analyzing module kfenps_div_addsubreg_v_23
INFO: [VRFC 10-311] analyzing module kfenps_div_addsubreg_v_25
INFO: [VRFC 10-311] analyzing module kfenps_div_addsubreg_v_27
INFO: [VRFC 10-311] analyzing module kfenps_div_addsubreg_v_29
INFO: [VRFC 10-311] analyzing module kfenps_div_addsubreg_v_31
INFO: [VRFC 10-311] analyzing module kfenps_div_addsubreg_v_4
INFO: [VRFC 10-311] analyzing module kfenps_div_addsubreg_v_6
INFO: [VRFC 10-311] analyzing module kfenps_div_addsubreg_v_8
INFO: [VRFC 10-311] analyzing module kfenps_div_addsubreg_v__parameterized0
INFO: [VRFC 10-311] analyzing module kfenps_div_bip_sdivider_synth
INFO: [VRFC 10-311] analyzing module kfenps_div_c_addsub_lut6
INFO: [VRFC 10-311] analyzing module kfenps_div_c_addsub_lut6_104
INFO: [VRFC 10-311] analyzing module kfenps_div_c_addsub_lut6_109
INFO: [VRFC 10-311] analyzing module kfenps_div_c_addsub_lut6_39
INFO: [VRFC 10-311] analyzing module kfenps_div_c_addsub_lut6_44
INFO: [VRFC 10-311] analyzing module kfenps_div_c_addsub_lut6_49
INFO: [VRFC 10-311] analyzing module kfenps_div_c_addsub_lut6_54
INFO: [VRFC 10-311] analyzing module kfenps_div_c_addsub_lut6_59
INFO: [VRFC 10-311] analyzing module kfenps_div_c_addsub_lut6_64
INFO: [VRFC 10-311] analyzing module kfenps_div_c_addsub_lut6_69
INFO: [VRFC 10-311] analyzing module kfenps_div_c_addsub_lut6_74
INFO: [VRFC 10-311] analyzing module kfenps_div_c_addsub_lut6_79
INFO: [VRFC 10-311] analyzing module kfenps_div_c_addsub_lut6_84
INFO: [VRFC 10-311] analyzing module kfenps_div_c_addsub_lut6_89
INFO: [VRFC 10-311] analyzing module kfenps_div_c_addsub_lut6_94
INFO: [VRFC 10-311] analyzing module kfenps_div_c_addsub_lut6_99
INFO: [VRFC 10-311] analyzing module kfenps_div_c_addsub_lut6__parameterized1
INFO: [VRFC 10-311] analyzing module kfenps_div_c_addsub_viv
INFO: [VRFC 10-311] analyzing module kfenps_div_c_addsub_viv_103
INFO: [VRFC 10-311] analyzing module kfenps_div_c_addsub_viv_108
INFO: [VRFC 10-311] analyzing module kfenps_div_c_addsub_viv_38
INFO: [VRFC 10-311] analyzing module kfenps_div_c_addsub_viv_43
INFO: [VRFC 10-311] analyzing module kfenps_div_c_addsub_viv_48
INFO: [VRFC 10-311] analyzing module kfenps_div_c_addsub_viv_53
INFO: [VRFC 10-311] analyzing module kfenps_div_c_addsub_viv_58
INFO: [VRFC 10-311] analyzing module kfenps_div_c_addsub_viv_63
INFO: [VRFC 10-311] analyzing module kfenps_div_c_addsub_viv_68
INFO: [VRFC 10-311] analyzing module kfenps_div_c_addsub_viv_73
INFO: [VRFC 10-311] analyzing module kfenps_div_c_addsub_viv_78
INFO: [VRFC 10-311] analyzing module kfenps_div_c_addsub_viv_83
INFO: [VRFC 10-311] analyzing module kfenps_div_c_addsub_viv_88
INFO: [VRFC 10-311] analyzing module kfenps_div_c_addsub_viv_93
INFO: [VRFC 10-311] analyzing module kfenps_div_c_addsub_viv_98
INFO: [VRFC 10-311] analyzing module kfenps_div_c_addsub_viv__parameterized0
INFO: [VRFC 10-311] analyzing module kfenps_div_c_twos_comp_viv
INFO: [VRFC 10-311] analyzing module kfenps_div_c_twos_comp_viv__parameterized0
INFO: [VRFC 10-311] analyzing module kfenps_div_c_twos_comp_viv__parameterized1
INFO: [VRFC 10-311] analyzing module kfenps_div_c_twos_comp_viv__parameterized1_1
INFO: [VRFC 10-311] analyzing module kfenps_div_cmp2s_v
INFO: [VRFC 10-311] analyzing module kfenps_div_cmp2s_v__parameterized0
INFO: [VRFC 10-311] analyzing module kfenps_div_cmp2s_v__parameterized1
INFO: [VRFC 10-311] analyzing module kfenps_div_cmp2s_v__parameterized1_0
INFO: [VRFC 10-311] analyzing module kfenps_div_div_gen_synth
INFO: [VRFC 10-311] analyzing module kfenps_div_div_gen_v5_1_14_viv
INFO: [VRFC 10-311] analyzing module kfenps_div_dividervdc_v
INFO: [VRFC 10-311] analyzing module kfenps_div_xbip_pipe_v3_0_5_viv
INFO: [VRFC 10-311] analyzing module kfenps_div_xbip_pipe_v3_0_5_viv__parameterized1
INFO: [VRFC 10-311] analyzing module kfenps_div_xbip_pipe_v3_0_5_viv__parameterized11
INFO: [VRFC 10-311] analyzing module kfenps_div_xbip_pipe_v3_0_5_viv__parameterized11_101
INFO: [VRFC 10-311] analyzing module kfenps_div_xbip_pipe_v3_0_5_viv__parameterized11_106
INFO: [VRFC 10-311] analyzing module kfenps_div_xbip_pipe_v3_0_5_viv__parameterized11_111
INFO: [VRFC 10-311] analyzing module kfenps_div_xbip_pipe_v3_0_5_viv__parameterized11_41
INFO: [VRFC 10-311] analyzing module kfenps_div_xbip_pipe_v3_0_5_viv__parameterized11_46
INFO: [VRFC 10-311] analyzing module kfenps_div_xbip_pipe_v3_0_5_viv__parameterized11_51
INFO: [VRFC 10-311] analyzing module kfenps_div_xbip_pipe_v3_0_5_viv__parameterized11_56
INFO: [VRFC 10-311] analyzing module kfenps_div_xbip_pipe_v3_0_5_viv__parameterized11_61
INFO: [VRFC 10-311] analyzing module kfenps_div_xbip_pipe_v3_0_5_viv__parameterized11_66
INFO: [VRFC 10-311] analyzing module kfenps_div_xbip_pipe_v3_0_5_viv__parameterized11_71
INFO: [VRFC 10-311] analyzing module kfenps_div_xbip_pipe_v3_0_5_viv__parameterized11_76
INFO: [VRFC 10-311] analyzing module kfenps_div_xbip_pipe_v3_0_5_viv__parameterized11_81
INFO: [VRFC 10-311] analyzing module kfenps_div_xbip_pipe_v3_0_5_viv__parameterized11_86
INFO: [VRFC 10-311] analyzing module kfenps_div_xbip_pipe_v3_0_5_viv__parameterized11_91
INFO: [VRFC 10-311] analyzing module kfenps_div_xbip_pipe_v3_0_5_viv__parameterized11_96
INFO: [VRFC 10-311] analyzing module kfenps_div_xbip_pipe_v3_0_5_viv__parameterized13
INFO: [VRFC 10-311] analyzing module kfenps_div_xbip_pipe_v3_0_5_viv__parameterized15
INFO: [VRFC 10-311] analyzing module kfenps_div_xbip_pipe_v3_0_5_viv__parameterized17
INFO: [VRFC 10-311] analyzing module kfenps_div_xbip_pipe_v3_0_5_viv__parameterized19
INFO: [VRFC 10-311] analyzing module kfenps_div_xbip_pipe_v3_0_5_viv__parameterized21
INFO: [VRFC 10-311] analyzing module kfenps_div_xbip_pipe_v3_0_5_viv__parameterized23
INFO: [VRFC 10-311] analyzing module kfenps_div_xbip_pipe_v3_0_5_viv__parameterized25
INFO: [VRFC 10-311] analyzing module kfenps_div_xbip_pipe_v3_0_5_viv__parameterized27
INFO: [VRFC 10-311] analyzing module kfenps_div_xbip_pipe_v3_0_5_viv__parameterized29
INFO: [VRFC 10-311] analyzing module kfenps_div_xbip_pipe_v3_0_5_viv__parameterized3
INFO: [VRFC 10-311] analyzing module kfenps_div_xbip_pipe_v3_0_5_viv__parameterized31
INFO: [VRFC 10-311] analyzing module kfenps_div_xbip_pipe_v3_0_5_viv__parameterized33
INFO: [VRFC 10-311] analyzing module kfenps_div_xbip_pipe_v3_0_5_viv__parameterized35
INFO: [VRFC 10-311] analyzing module kfenps_div_xbip_pipe_v3_0_5_viv__parameterized37
INFO: [VRFC 10-311] analyzing module kfenps_div_xbip_pipe_v3_0_5_viv__parameterized39
INFO: [VRFC 10-311] analyzing module kfenps_div_xbip_pipe_v3_0_5_viv__parameterized41
INFO: [VRFC 10-311] analyzing module kfenps_div_xbip_pipe_v3_0_5_viv__parameterized43
INFO: [VRFC 10-311] analyzing module kfenps_div_xbip_pipe_v3_0_5_viv__parameterized45
INFO: [VRFC 10-311] analyzing module kfenps_div_xbip_pipe_v3_0_5_viv__parameterized47
INFO: [VRFC 10-311] analyzing module kfenps_div_xbip_pipe_v3_0_5_viv__parameterized49
INFO: [VRFC 10-311] analyzing module kfenps_div_xbip_pipe_v3_0_5_viv__parameterized5
INFO: [VRFC 10-311] analyzing module kfenps_div_xbip_pipe_v3_0_5_viv__parameterized51
INFO: [VRFC 10-311] analyzing module kfenps_div_xbip_pipe_v3_0_5_viv__parameterized53
INFO: [VRFC 10-311] analyzing module kfenps_div_xbip_pipe_v3_0_5_viv__parameterized55
INFO: [VRFC 10-311] analyzing module kfenps_div_xbip_pipe_v3_0_5_viv__parameterized57
INFO: [VRFC 10-311] analyzing module kfenps_div_xbip_pipe_v3_0_5_viv__parameterized59
INFO: [VRFC 10-311] analyzing module kfenps_div_xbip_pipe_v3_0_5_viv__parameterized5_34
INFO: [VRFC 10-311] analyzing module kfenps_div_xbip_pipe_v3_0_5_viv__parameterized61
INFO: [VRFC 10-311] analyzing module kfenps_div_xbip_pipe_v3_0_5_viv__parameterized63
INFO: [VRFC 10-311] analyzing module kfenps_div_xbip_pipe_v3_0_5_viv__parameterized65
INFO: [VRFC 10-311] analyzing module kfenps_div_xbip_pipe_v3_0_5_viv__parameterized67
INFO: [VRFC 10-311] analyzing module kfenps_div_xbip_pipe_v3_0_5_viv__parameterized69
INFO: [VRFC 10-311] analyzing module kfenps_div_xbip_pipe_v3_0_5_viv__parameterized69_14
INFO: [VRFC 10-311] analyzing module kfenps_div_xbip_pipe_v3_0_5_viv__parameterized69_35
INFO: [VRFC 10-311] analyzing module kfenps_div_xbip_pipe_v3_0_5_viv__parameterized69_36
INFO: [VRFC 10-311] analyzing module kfenps_div_xbip_pipe_v3_0_5_viv__parameterized7
INFO: [VRFC 10-311] analyzing module kfenps_div_xbip_pipe_v3_0_5_viv__parameterized71
INFO: [VRFC 10-311] analyzing module kfenps_div_xbip_pipe_v3_0_5_viv__parameterized74
INFO: [VRFC 10-311] analyzing module kfenps_div_xbip_pipe_v3_0_5_viv__parameterized7_11
INFO: [VRFC 10-311] analyzing module kfenps_div_xbip_pipe_v3_0_5_viv__parameterized7_13
INFO: [VRFC 10-311] analyzing module kfenps_div_xbip_pipe_v3_0_5_viv__parameterized7_16
INFO: [VRFC 10-311] analyzing module kfenps_div_xbip_pipe_v3_0_5_viv__parameterized7_18
INFO: [VRFC 10-311] analyzing module kfenps_div_xbip_pipe_v3_0_5_viv__parameterized7_20
INFO: [VRFC 10-311] analyzing module kfenps_div_xbip_pipe_v3_0_5_viv__parameterized7_22
INFO: [VRFC 10-311] analyzing module kfenps_div_xbip_pipe_v3_0_5_viv__parameterized7_24
INFO: [VRFC 10-311] analyzing module kfenps_div_xbip_pipe_v3_0_5_viv__parameterized7_26
INFO: [VRFC 10-311] analyzing module kfenps_div_xbip_pipe_v3_0_5_viv__parameterized7_28
INFO: [VRFC 10-311] analyzing module kfenps_div_xbip_pipe_v3_0_5_viv__parameterized7_3
INFO: [VRFC 10-311] analyzing module kfenps_div_xbip_pipe_v3_0_5_viv__parameterized7_30
INFO: [VRFC 10-311] analyzing module kfenps_div_xbip_pipe_v3_0_5_viv__parameterized7_32
INFO: [VRFC 10-311] analyzing module kfenps_div_xbip_pipe_v3_0_5_viv__parameterized7_33
INFO: [VRFC 10-311] analyzing module kfenps_div_xbip_pipe_v3_0_5_viv__parameterized7_5
INFO: [VRFC 10-311] analyzing module kfenps_div_xbip_pipe_v3_0_5_viv__parameterized7_7
INFO: [VRFC 10-311] analyzing module kfenps_div_xbip_pipe_v3_0_5_viv__parameterized7_9
INFO: [VRFC 10-311] analyzing module kfenps_div_xbip_pipe_v3_0_5_viv__parameterized9
INFO: [VRFC 10-311] analyzing module kfenps_div_xbip_pipe_v3_0_5_viv__parameterized9_100
INFO: [VRFC 10-311] analyzing module kfenps_div_xbip_pipe_v3_0_5_viv__parameterized9_102
INFO: [VRFC 10-311] analyzing module kfenps_div_xbip_pipe_v3_0_5_viv__parameterized9_105
INFO: [VRFC 10-311] analyzing module kfenps_div_xbip_pipe_v3_0_5_viv__parameterized9_107
INFO: [VRFC 10-311] analyzing module kfenps_div_xbip_pipe_v3_0_5_viv__parameterized9_110
INFO: [VRFC 10-311] analyzing module kfenps_div_xbip_pipe_v3_0_5_viv__parameterized9_112
INFO: [VRFC 10-311] analyzing module kfenps_div_xbip_pipe_v3_0_5_viv__parameterized9_37
INFO: [VRFC 10-311] analyzing module kfenps_div_xbip_pipe_v3_0_5_viv__parameterized9_40
INFO: [VRFC 10-311] analyzing module kfenps_div_xbip_pipe_v3_0_5_viv__parameterized9_42
INFO: [VRFC 10-311] analyzing module kfenps_div_xbip_pipe_v3_0_5_viv__parameterized9_45
INFO: [VRFC 10-311] analyzing module kfenps_div_xbip_pipe_v3_0_5_viv__parameterized9_47
INFO: [VRFC 10-311] analyzing module kfenps_div_xbip_pipe_v3_0_5_viv__parameterized9_50
INFO: [VRFC 10-311] analyzing module kfenps_div_xbip_pipe_v3_0_5_viv__parameterized9_52
INFO: [VRFC 10-311] analyzing module kfenps_div_xbip_pipe_v3_0_5_viv__parameterized9_55
INFO: [VRFC 10-311] analyzing module kfenps_div_xbip_pipe_v3_0_5_viv__parameterized9_57
INFO: [VRFC 10-311] analyzing module kfenps_div_xbip_pipe_v3_0_5_viv__parameterized9_60
INFO: [VRFC 10-311] analyzing module kfenps_div_xbip_pipe_v3_0_5_viv__parameterized9_62
INFO: [VRFC 10-311] analyzing module kfenps_div_xbip_pipe_v3_0_5_viv__parameterized9_65
INFO: [VRFC 10-311] analyzing module kfenps_div_xbip_pipe_v3_0_5_viv__parameterized9_67
INFO: [VRFC 10-311] analyzing module kfenps_div_xbip_pipe_v3_0_5_viv__parameterized9_70
INFO: [VRFC 10-311] analyzing module kfenps_div_xbip_pipe_v3_0_5_viv__parameterized9_72
INFO: [VRFC 10-311] analyzing module kfenps_div_xbip_pipe_v3_0_5_viv__parameterized9_75
INFO: [VRFC 10-311] analyzing module kfenps_div_xbip_pipe_v3_0_5_viv__parameterized9_77
INFO: [VRFC 10-311] analyzing module kfenps_div_xbip_pipe_v3_0_5_viv__parameterized9_80
INFO: [VRFC 10-311] analyzing module kfenps_div_xbip_pipe_v3_0_5_viv__parameterized9_82
INFO: [VRFC 10-311] analyzing module kfenps_div_xbip_pipe_v3_0_5_viv__parameterized9_85
INFO: [VRFC 10-311] analyzing module kfenps_div_xbip_pipe_v3_0_5_viv__parameterized9_87
INFO: [VRFC 10-311] analyzing module kfenps_div_xbip_pipe_v3_0_5_viv__parameterized9_90
INFO: [VRFC 10-311] analyzing module kfenps_div_xbip_pipe_v3_0_5_viv__parameterized9_92
INFO: [VRFC 10-311] analyzing module kfenps_div_xbip_pipe_v3_0_5_viv__parameterized9_95
INFO: [VRFC 10-311] analyzing module kfenps_div_xbip_pipe_v3_0_5_viv__parameterized9_97
INFO: [VRFC 10-311] analyzing module glbl
INFO: [VRFC 10-2263] Analyzing Verilog file "G:/VC707/top_kfenps/top_kfenps/top_kfenps.srcs/sources_1/new/kfenps.v" into library xil_defaultlib
INFO: [VRFC 10-311] analyzing module kfenps
WARNING: [VRFC 10-3609] overwriting previous definition of module 'kfenps' [G:/VC707/top_kfenps/top_kfenps/top_kfenps.srcs/sources_1/new/kfenps.v:1]
INFO: [VRFC 10-2263] Analyzing Verilog file "G:/VC707/top_kfenps/top_kfenps/top_kfenps.srcs/sim_1/new/kfenps_tb.v" into library xil_defaultlib
INFO: [VRFC 10-311] analyzing module kfenps_tb
