Vivado Simulator 2018.3
Copyright 1986-1999, 2001-2018 Xilinx, Inc. All Rights Reserved.
Running: D:/Xilinx/Vivado/2018.3/bin/unwrapped/win64.o/xelab.exe -wto 5fce73665ab74173b2d67418f997880f --incr --debug typical --relax --mt 2 -L xil_defaultlib -L unisims_ver -L secureip --snapshot kfenps_tb_func_synth xil_defaultlib.kfenps_tb xil_defaultlib.glbl -log elaborate.log 
Using 2 slave threads.
Starting static elaboration
Completed static elaboration
Starting simulation data flow analysis
Completed simulation data flow analysis
Time Resolution for simulation is 1ps
Compiling module unisims_ver.GND
Compiling module unisims_ver.VCC
Compiling module unisims_ver.x_lut1_mux2
Compiling module unisims_ver.LUT1
Compiling module unisims_ver.FDRE_default
Compiling module xil_defaultlib.kfenps_div_xbip_pipe_v3_0_5_viv
Compiling module unisims_ver.x_lut2_mux4
Compiling module unisims_ver.LUT2
Compiling module unisims_ver.SRLC32E_default
Compiling module xil_defaultlib.kfenps_div_xbip_pipe_v3_0_5_viv_...
Compiling module unisims_ver.FDSE_default
Compiling module xil_defaultlib.kfenps_div_xbip_pipe_v3_0_5_viv_...
Compiling module xil_defaultlib.kfenps_div_xbip_pipe_v3_0_5_viv_...
Compiling module xil_defaultlib.kfenps_div_xbip_pipe_v3_0_5_viv_...
Compiling module unisims_ver.CARRY4
Compiling module xil_defaultlib.kfenps_div_c_addsub_lut6_109
Compiling module xil_defaultlib.kfenps_div_c_addsub_viv_108
Compiling module xil_defaultlib.kfenps_div_addsubreg_v
Compiling module xil_defaultlib.kfenps_div_xbip_pipe_v3_0_5_viv_...
Compiling module xil_defaultlib.kfenps_div_xbip_pipe_v3_0_5_viv_...
Compiling module xil_defaultlib.kfenps_div_xbip_pipe_v3_0_5_viv_...
Compiling module xil_defaultlib.kfenps_div_xbip_pipe_v3_0_5_viv_...
Compiling module xil_defaultlib.kfenps_div_xbip_pipe_v3_0_5_viv_...
Compiling module unisims_ver.x_lut3_mux8
Compiling module unisims_ver.LUT3
Compiling module xil_defaultlib.kfenps_div_c_addsub_lut6_104
Compiling module xil_defaultlib.kfenps_div_c_addsub_viv_103
Compiling module xil_defaultlib.kfenps_div_addsubreg_v_2
Compiling module xil_defaultlib.kfenps_div_xbip_pipe_v3_0_5_viv_...
Compiling module xil_defaultlib.kfenps_div_xbip_pipe_v3_0_5_viv_...
Compiling module xil_defaultlib.kfenps_div_xbip_pipe_v3_0_5_viv_...
Compiling module xil_defaultlib.kfenps_div_xbip_pipe_v3_0_5_viv_...
Compiling module xil_defaultlib.kfenps_div_xbip_pipe_v3_0_5_viv_...
Compiling module xil_defaultlib.kfenps_div_xbip_pipe_v3_0_5_viv_...
Compiling module xil_defaultlib.kfenps_div_c_addsub_lut6_99
Compiling module xil_defaultlib.kfenps_div_c_addsub_viv_98
Compiling module xil_defaultlib.kfenps_div_addsubreg_v_4
Compiling module xil_defaultlib.kfenps_div_xbip_pipe_v3_0_5_viv_...
Compiling module xil_defaultlib.kfenps_div_xbip_pipe_v3_0_5_viv_...
Compiling module xil_defaultlib.kfenps_div_xbip_pipe_v3_0_5_viv_...
Compiling module xil_defaultlib.kfenps_div_xbip_pipe_v3_0_5_viv_...
Compiling module xil_defaultlib.kfenps_div_xbip_pipe_v3_0_5_viv_...
Compiling module xil_defaultlib.kfenps_div_xbip_pipe_v3_0_5_viv_...
Compiling module xil_defaultlib.kfenps_div_c_addsub_lut6_94
Compiling module xil_defaultlib.kfenps_div_c_addsub_viv_93
Compiling module xil_defaultlib.kfenps_div_addsubreg_v_6
Compiling module xil_defaultlib.kfenps_div_xbip_pipe_v3_0_5_viv_...
Compiling module xil_defaultlib.kfenps_div_xbip_pipe_v3_0_5_viv_...
Compiling module xil_defaultlib.kfenps_div_xbip_pipe_v3_0_5_viv_...
Compiling module xil_defaultlib.kfenps_div_xbip_pipe_v3_0_5_viv_...
Compiling module xil_defaultlib.kfenps_div_xbip_pipe_v3_0_5_viv_...
Compiling module xil_defaultlib.kfenps_div_xbip_pipe_v3_0_5_viv_...
Compiling module xil_defaultlib.kfenps_div_c_addsub_lut6_89
Compiling module xil_defaultlib.kfenps_div_c_addsub_viv_88
Compiling module xil_defaultlib.kfenps_div_addsubreg_v_8
Compiling module xil_defaultlib.kfenps_div_xbip_pipe_v3_0_5_viv_...
Compiling module xil_defaultlib.kfenps_div_xbip_pipe_v3_0_5_viv_...
Compiling module xil_defaultlib.kfenps_div_xbip_pipe_v3_0_5_viv_...
Compiling module xil_defaultlib.kfenps_div_xbip_pipe_v3_0_5_viv_...
Compiling module xil_defaultlib.kfenps_div_xbip_pipe_v3_0_5_viv_...
Compiling module xil_defaultlib.kfenps_div_xbip_pipe_v3_0_5_viv_...
Compiling module xil_defaultlib.kfenps_div_c_addsub_lut6_84
Compiling module xil_defaultlib.kfenps_div_c_addsub_viv_83
Compiling module xil_defaultlib.kfenps_div_addsubreg_v_10
Compiling module xil_defaultlib.kfenps_div_xbip_pipe_v3_0_5_viv_...
Compiling module xil_defaultlib.kfenps_div_xbip_pipe_v3_0_5_viv_...
Compiling module xil_defaultlib.kfenps_div_xbip_pipe_v3_0_5_viv_...
Compiling module xil_defaultlib.kfenps_div_xbip_pipe_v3_0_5_viv_...
Compiling module xil_defaultlib.kfenps_div_xbip_pipe_v3_0_5_viv_...
Compiling module xil_defaultlib.kfenps_div_xbip_pipe_v3_0_5_viv_...
Compiling module xil_defaultlib.kfenps_div_c_addsub_lut6_79
Compiling module xil_defaultlib.kfenps_div_c_addsub_viv_78
Compiling module xil_defaultlib.kfenps_div_addsubreg_v_12
Compiling module xil_defaultlib.kfenps_div_xbip_pipe_v3_0_5_viv_...
Compiling module xil_defaultlib.kfenps_div_xbip_pipe_v3_0_5_viv_...
Compiling module xil_defaultlib.kfenps_div_xbip_pipe_v3_0_5_viv_...
Compiling module xil_defaultlib.kfenps_div_xbip_pipe_v3_0_5_viv_...
Compiling module xil_defaultlib.kfenps_div_xbip_pipe_v3_0_5_viv_...
Compiling module xil_defaultlib.kfenps_div_xbip_pipe_v3_0_5_viv_...
Compiling module xil_defaultlib.kfenps_div_c_addsub_lut6_74
Compiling module xil_defaultlib.kfenps_div_c_addsub_viv_73
Compiling module xil_defaultlib.kfenps_div_addsubreg_v_15
Compiling module xil_defaultlib.kfenps_div_xbip_pipe_v3_0_5_viv_...
Compiling module xil_defaultlib.kfenps_div_xbip_pipe_v3_0_5_viv_...
Compiling module xil_defaultlib.kfenps_div_xbip_pipe_v3_0_5_viv_...
Compiling module xil_defaultlib.kfenps_div_xbip_pipe_v3_0_5_viv_...
Compiling module xil_defaultlib.kfenps_div_xbip_pipe_v3_0_5_viv_...
Compiling module xil_defaultlib.kfenps_div_xbip_pipe_v3_0_5_viv_...
Compiling module xil_defaultlib.kfenps_div_c_addsub_lut6_69
Compiling module xil_defaultlib.kfenps_div_c_addsub_viv_68
Compiling module xil_defaultlib.kfenps_div_addsubreg_v_17
Compiling module xil_defaultlib.kfenps_div_xbip_pipe_v3_0_5_viv_...
Compiling module xil_defaultlib.kfenps_div_xbip_pipe_v3_0_5_viv_...
Compiling module xil_defaultlib.kfenps_div_xbip_pipe_v3_0_5_viv_...
Compiling module xil_defaultlib.kfenps_div_xbip_pipe_v3_0_5_viv_...
Compiling module xil_defaultlib.kfenps_div_xbip_pipe_v3_0_5_viv_...
Compiling module xil_defaultlib.kfenps_div_xbip_pipe_v3_0_5_viv_...
Compiling module xil_defaultlib.kfenps_div_c_addsub_lut6_64
Compiling module xil_defaultlib.kfenps_div_c_addsub_viv_63
Compiling module xil_defaultlib.kfenps_div_addsubreg_v_19
Compiling module xil_defaultlib.kfenps_div_xbip_pipe_v3_0_5_viv_...
Compiling module xil_defaultlib.kfenps_div_xbip_pipe_v3_0_5_viv_...
Compiling module xil_defaultlib.kfenps_div_xbip_pipe_v3_0_5_viv_...
Compiling module xil_defaultlib.kfenps_div_xbip_pipe_v3_0_5_viv_...
Compiling module xil_defaultlib.kfenps_div_xbip_pipe_v3_0_5_viv_...
Compiling module xil_defaultlib.kfenps_div_xbip_pipe_v3_0_5_viv_...
Compiling module xil_defaultlib.kfenps_div_c_addsub_lut6_59
Compiling module xil_defaultlib.kfenps_div_c_addsub_viv_58
Compiling module xil_defaultlib.kfenps_div_addsubreg_v_21
Compiling module xil_defaultlib.kfenps_div_xbip_pipe_v3_0_5_viv_...
Compiling module xil_defaultlib.kfenps_div_xbip_pipe_v3_0_5_viv_...
Compiling module xil_defaultlib.kfenps_div_xbip_pipe_v3_0_5_viv_...
Compiling module xil_defaultlib.kfenps_div_xbip_pipe_v3_0_5_viv_...
Compiling module xil_defaultlib.kfenps_div_xbip_pipe_v3_0_5_viv_...
Compiling module xil_defaultlib.kfenps_div_xbip_pipe_v3_0_5_viv_...
Compiling module xil_defaultlib.kfenps_div_c_addsub_lut6_54
Compiling module xil_defaultlib.kfenps_div_c_addsub_viv_53
Compiling module xil_defaultlib.kfenps_div_addsubreg_v_23
Compiling module xil_defaultlib.kfenps_div_xbip_pipe_v3_0_5_viv_...
Compiling module xil_defaultlib.kfenps_div_xbip_pipe_v3_0_5_viv_...
Compiling module xil_defaultlib.kfenps_div_xbip_pipe_v3_0_5_viv_...
Compiling module xil_defaultlib.kfenps_div_xbip_pipe_v3_0_5_viv_...
Compiling module xil_defaultlib.kfenps_div_xbip_pipe_v3_0_5_viv_...
Compiling module xil_defaultlib.kfenps_div_xbip_pipe_v3_0_5_viv_...
Compiling module xil_defaultlib.kfenps_div_c_addsub_lut6_49
Compiling module xil_defaultlib.kfenps_div_c_addsub_viv_48
Compiling module xil_defaultlib.kfenps_div_addsubreg_v_25
Compiling module xil_defaultlib.kfenps_div_xbip_pipe_v3_0_5_viv_...
Compiling module xil_defaultlib.kfenps_div_xbip_pipe_v3_0_5_viv_...
Compiling module xil_defaultlib.kfenps_div_xbip_pipe_v3_0_5_viv_...
Compiling module xil_defaultlib.kfenps_div_xbip_pipe_v3_0_5_viv_...
Compiling module xil_defaultlib.kfenps_div_xbip_pipe_v3_0_5_viv_...
Compiling module xil_defaultlib.kfenps_div_xbip_pipe_v3_0_5_viv_...
Compiling module xil_defaultlib.kfenps_div_c_addsub_lut6_44
Compiling module xil_defaultlib.kfenps_div_c_addsub_viv_43
Compiling module xil_defaultlib.kfenps_div_addsubreg_v_27
Compiling module xil_defaultlib.kfenps_div_xbip_pipe_v3_0_5_viv_...
Compiling module xil_defaultlib.kfenps_div_xbip_pipe_v3_0_5_viv_...
Compiling module xil_defaultlib.kfenps_div_xbip_pipe_v3_0_5_viv_...
Compiling module xil_defaultlib.kfenps_div_xbip_pipe_v3_0_5_viv_...
Compiling module xil_defaultlib.kfenps_div_xbip_pipe_v3_0_5_viv_...
Compiling module xil_defaultlib.kfenps_div_xbip_pipe_v3_0_5_viv_...
Compiling module xil_defaultlib.kfenps_div_c_addsub_lut6_39
Compiling module xil_defaultlib.kfenps_div_c_addsub_viv_38
Compiling module xil_defaultlib.kfenps_div_addsubreg_v_29
Compiling module xil_defaultlib.kfenps_div_xbip_pipe_v3_0_5_viv_...
Compiling module xil_defaultlib.kfenps_div_xbip_pipe_v3_0_5_viv_...
Compiling module xil_defaultlib.kfenps_div_xbip_pipe_v3_0_5_viv_...
Compiling module xil_defaultlib.kfenps_div_xbip_pipe_v3_0_5_viv_...
Compiling module xil_defaultlib.kfenps_div_xbip_pipe_v3_0_5_viv_...
Compiling module xil_defaultlib.kfenps_div_xbip_pipe_v3_0_5_viv_...
Compiling module xil_defaultlib.kfenps_div_c_addsub_lut6
Compiling module xil_defaultlib.kfenps_div_c_addsub_viv
Compiling module xil_defaultlib.kfenps_div_addsubreg_v_31
Compiling module xil_defaultlib.kfenps_div_xbip_pipe_v3_0_5_viv_...
Compiling module xil_defaultlib.kfenps_div_xbip_pipe_v3_0_5_viv_...
Compiling module xil_defaultlib.kfenps_div_xbip_pipe_v3_0_5_viv_...
Compiling module xil_defaultlib.kfenps_div_xbip_pipe_v3_0_5_viv_...
Compiling module xil_defaultlib.kfenps_div_xbip_pipe_v3_0_5_viv_...
Compiling module xil_defaultlib.kfenps_div_xbip_pipe_v3_0_5_viv_...
Compiling module xil_defaultlib.kfenps_div_xbip_pipe_v3_0_5_viv_...
Compiling module xil_defaultlib.kfenps_div_xbip_pipe_v3_0_5_viv_...
Compiling module xil_defaultlib.kfenps_div_c_addsub_lut6__parame...
Compiling module xil_defaultlib.kfenps_div_c_addsub_viv__paramet...
Compiling module xil_defaultlib.kfenps_div_addsubreg_v__paramete...
Compiling module xil_defaultlib.kfenps_div_dividervdc_v
Compiling module xil_defaultlib.kfenps_div_c_twos_comp_viv
Compiling module xil_defaultlib.kfenps_div_cmp2s_v
Compiling module xil_defaultlib.kfenps_div_c_twos_comp_viv__para...
Compiling module xil_defaultlib.kfenps_div_cmp2s_v__parameterize...
Compiling module unisims_ver.SRL16E_default
Compiling module xil_defaultlib.kfenps_div_xbip_pipe_v3_0_5_viv_...
Compiling module xil_defaultlib.kfenps_div_c_twos_comp_viv__para...
Compiling module xil_defaultlib.kfenps_div_cmp2s_v__parameterize...
Compiling module xil_defaultlib.kfenps_div_xbip_pipe_v3_0_5_viv_...
Compiling module xil_defaultlib.kfenps_div_c_twos_comp_viv__para...
Compiling module xil_defaultlib.kfenps_div_cmp2s_v__parameterize...
Compiling module xil_defaultlib.kfenps_div_bip_sdivider_synth
Compiling module xil_defaultlib.kfenps_div_div_gen_synth
Compiling module xil_defaultlib.kfenps_div_div_gen_v5_1_14_viv
Compiling module xil_defaultlib.kfenps_div_div_gen_v5_1_14
Compiling module xil_defaultlib.kfenps_div
Compiling module xil_defaultlib.kfenps
Compiling module xil_defaultlib.kfenps_tb
Compiling module xil_defaultlib.glbl
Built simulation snapshot kfenps_tb_func_synth
